<?xml version="1.0" encoding="UTF-8"?>
<!-- Generated by org.testng.reporters.JUnitXMLReporter -->
<testsuite hostname="LAPTOP-OI9FLFD4" ignored="0" name="Test" tests="1" failures="1" timestamp="2020-08-17T02:35:35 IST" time="197.772" errors="0">
  <testcase name="verifyDateInNextPageTest" time="182.501" classname="testCases.TravelTicketTest">
    <failure type="org.openqa.selenium.NoSuchWindowException" message="no such window: target window already closed
from unknown error: web view not found
  (Session info: chrome=84.0.4147.125)
Build info: version: &amp;apos;3.141.59&amp;apos;, revision: &amp;apos;e82be7d358&amp;apos;, time: &amp;apos;2018-11-14T08:17:03&amp;apos;
System info: host: &amp;apos;LAPTOP-OI9FLFD4&amp;apos;, ip: &amp;apos;192.168.52.1&amp;apos;, os.name: &amp;apos;Windows 10&amp;apos;, os.arch: &amp;apos;amd64&amp;apos;, os.version: &amp;apos;10.0&amp;apos;, java.version: &amp;apos;1.8.0_171&amp;apos;
Driver info: org.openqa.selenium.chrome.ChromeDriver
Capabilities {acceptInsecureCerts: false, browserName: chrome, browserVersion: 84.0.4147.125, chrome: {chromedriverVersion: 84.0.4147.30 (48b3e868b4cc0..., userDataDir: C:\Users\Jaydeep\AppData\Lo...}, goog:chromeOptions: {debuggerAddress: localhost:56947}, javascriptEnabled: true, networkConnectionEnabled: false, pageLoadStrategy: normal, platform: WINDOWS, platformName: WINDOWS, proxy: Proxy(), setWindowRect: true, strictFileInteractability: false, timeouts: {implicit: 0, pageLoad: 300000, script: 30000}, unhandledPromptBehavior: dismiss and notify, webauthn:virtualAuthenticators: true}
Session ID: 03ebd594718bf3a06187ee7b7ef5901c
*** Element info: {Using=xpath, value=(//span[@class=&amp;apos;tgl-btn&amp;apos;])[2]}">
      <![CDATA[org.openqa.selenium.NoSuchWindowException: no such window: target window already closed
from unknown error: web view not found
  (Session info: chrome=84.0.4147.125)
Build info: version: '3.141.59', revision: 'e82be7d358', time: '2018-11-14T08:17:03'
System info: host: 'LAPTOP-OI9FLFD4', ip: '192.168.52.1', os.name: 'Windows 10', os.arch: 'amd64', os.version: '10.0', java.version: '1.8.0_171'
Driver info: org.openqa.selenium.chrome.ChromeDriver
Capabilities {acceptInsecureCerts: false, browserName: chrome, browserVersion: 84.0.4147.125, chrome: {chromedriverVersion: 84.0.4147.30 (48b3e868b4cc0..., userDataDir: C:\Users\Jaydeep\AppData\Lo...}, goog:chromeOptions: {debuggerAddress: localhost:56947}, javascriptEnabled: true, networkConnectionEnabled: false, pageLoadStrategy: normal, platform: WINDOWS, platformName: WINDOWS, proxy: Proxy(), setWindowRect: true, strictFileInteractability: false, timeouts: {implicit: 0, pageLoad: 300000, script: 30000}, unhandledPromptBehavior: dismiss and notify, webauthn:virtualAuthenticators: true}
Session ID: 03ebd594718bf3a06187ee7b7ef5901c
*** Element info: {Using=xpath, value=(//span[@class='tgl-btn'])[2]}
at sun.reflect.NativeConstructorAccessorImpl.newInstance0(Native Method)
at sun.reflect.NativeConstructorAccessorImpl.newInstance(NativeConstructorAccessorImpl.java:62)
at sun.reflect.DelegatingConstructorAccessorImpl.newInstance(DelegatingConstructorAccessorImpl.java:45)
at java.lang.reflect.Constructor.newInstance(Constructor.java:423)
at org.openqa.selenium.remote.http.W3CHttpResponseCodec.createException(W3CHttpResponseCodec.java:187)
at org.openqa.selenium.remote.http.W3CHttpResponseCodec.decode(W3CHttpResponseCodec.java:122)
at org.openqa.selenium.remote.http.W3CHttpResponseCodec.decode(W3CHttpResponseCodec.java:49)
at org.openqa.selenium.remote.HttpCommandExecutor.execute(HttpCommandExecutor.java:158)
at org.openqa.selenium.remote.service.DriverCommandExecutor.execute(DriverCommandExecutor.java:83)
at org.openqa.selenium.remote.RemoteWebDriver.execute(RemoteWebDriver.java:552)
at org.openqa.selenium.remote.RemoteWebDriver.findElement(RemoteWebDriver.java:323)
at org.openqa.selenium.remote.RemoteWebDriver.findElementByXPath(RemoteWebDriver.java:428)
at org.openqa.selenium.By$ByXPath.findElement(By.java:353)
at org.openqa.selenium.remote.RemoteWebDriver.findElement(RemoteWebDriver.java:315)
at org.openqa.selenium.support.pagefactory.DefaultElementLocator.findElement(DefaultElementLocator.java:69)
at org.openqa.selenium.support.pagefactory.internal.LocatingElementHandler.invoke(LocatingElementHandler.java:38)
at com.sun.proxy.$Proxy9.click(Unknown Source)
at Pages.TravelTicket.chooseTravelMode(TravelTicket.java:39)
at Pages.TravelTicket.chooseTravelMode(TravelTicket.java:40)
at Pages.TravelTicket.chooseTravelMode(TravelTicket.java:40)
at Pages.TravelTicket.chooseTravelMode(TravelTicket.java:40)
at Pages.TravelTicket.chooseTravelMode(TravelTicket.java:40)
at Pages.TravelTicket.chooseTravelMode(TravelTicket.java:40)
at Pages.TravelTicket.chooseTravelMode(TravelTicket.java:40)
at Pages.TravelTicket.chooseTravelMode(TravelTicket.java:40)
at Pages.TravelTicket.chooseTravelMode(TravelTicket.java:40)
at Pages.TravelTicket.chooseTravelMode(TravelTicket.java:40)
at Pages.TravelTicket.chooseTravelMode(TravelTicket.java:40)
at Pages.TravelTicket.chooseTravelMode(TravelTicket.java:40)
at Pages.TravelTicket.chooseTravelMode(TravelTicket.java:40)
at Pages.TravelTicket.chooseTravelMode(TravelTicket.java:40)
at Pages.TravelTicket.chooseTravelMode(TravelTicket.java:40)
at Pages.TravelTicket.chooseTravelMode(TravelTicket.java:40)
at Pages.TravelTicket.chooseTravelMode(TravelTicket.java:40)
at Pages.TravelTicket.chooseTravelMode(TravelTicket.java:40)
at Pages.TravelTicket.chooseTravelMode(TravelTicket.java:40)
at Pages.TravelTicket.chooseTravelMode(TravelTicket.java:40)
at Pages.TravelTicket.chooseTravelMode(TravelTicket.java:40)
at Pages.TravelTicket.chooseTravelMode(TravelTicket.java:40)
at Pages.TravelTicket.chooseTravelMode(TravelTicket.java:40)
at Pages.TravelTicket.chooseTravelMode(TravelTicket.java:40)
at Pages.TravelTicket.chooseTravelMode(TravelTicket.java:40)
at Pages.TravelTicket.chooseTravelMode(TravelTicket.java:40)
at Pages.TravelTicket.chooseTravelMode(TravelTicket.java:40)
at Pages.TravelTicket.chooseTravelMode(TravelTicket.java:40)
at Pages.TravelTicket.chooseTravelMode(TravelTicket.java:40)
at Pages.TravelTicket.chooseTravelMode(TravelTicket.java:40)
at Pages.TravelTicket.chooseTravelMode(TravelTicket.java:40)
at Pages.TravelTicket.chooseTravelMode(TravelTicket.java:40)
at Pages.TravelTicket.chooseTravelMode(TravelTicket.java:40)
at Pages.TravelTicket.chooseTravelMode(TravelTicket.java:40)
at Pages.TravelTicket.chooseTravelMode(TravelTicket.java:40)
at Pages.TravelTicket.chooseTravelMode(TravelTicket.java:40)
at Pages.TravelTicket.chooseTravelMode(TravelTicket.java:40)
at Pages.TravelTicket.chooseTravelMode(TravelTicket.java:40)
at Pages.TravelTicket.chooseTravelMode(TravelTicket.java:40)
at Pages.TravelTicket.chooseTravelMode(TravelTicket.java:40)
at Pages.TravelTicket.chooseTravelMode(TravelTicket.java:40)
at Pages.TravelTicket.chooseTravelMode(TravelTicket.java:40)
at Pages.TravelTicket.chooseTravelMode(TravelTicket.java:40)
at Pages.TravelTicket.chooseTravelMode(TravelTicket.java:40)
at Pages.TravelTicket.chooseTravelMode(TravelTicket.java:40)
at Pages.TravelTicket.chooseTravelMode(TravelTicket.java:40)
at Pages.TravelTicket.chooseTravelMode(TravelTicket.java:40)
at Pages.TravelTicket.chooseTravelMode(TravelTicket.java:40)
at Pages.TravelTicket.chooseTravelMode(TravelTicket.java:40)
at Pages.TravelTicket.chooseTravelMode(TravelTicket.java:40)
at Pages.TravelTicket.chooseTravelMode(TravelTicket.java:40)
at Pages.TravelTicket.chooseTravelMode(TravelTicket.java:40)
at Pages.TravelTicket.chooseTravelMode(TravelTicket.java:40)
at Pages.TravelTicket.chooseTravelMode(TravelTicket.java:40)
at Pages.TravelTicket.chooseTravelMode(TravelTicket.java:40)
at Pages.TravelTicket.chooseTravelMode(TravelTicket.java:40)
at Pages.TravelTicket.chooseTravelMode(TravelTicket.java:40)
at Pages.TravelTicket.chooseTravelMode(TravelTicket.java:40)
at Pages.TravelTicket.chooseTravelMode(TravelTicket.java:40)
at Pages.TravelTicket.chooseTravelMode(TravelTicket.java:40)
at Pages.TravelTicket.chooseTravelMode(TravelTicket.java:40)
at Pages.TravelTicket.chooseTravelMode(TravelTicket.java:40)
at Pages.TravelTicket.chooseTravelMode(TravelTicket.java:40)
at Pages.TravelTicket.chooseTravelMode(TravelTicket.java:40)
at Pages.TravelTicket.chooseTravelMode(TravelTicket.java:40)
at Pages.TravelTicket.chooseTravelMode(TravelTicket.java:40)
at Pages.TravelTicket.chooseTravelMode(TravelTicket.java:40)
at Pages.TravelTicket.chooseTravelMode(TravelTicket.java:40)
at Pages.TravelTicket.chooseTravelMode(TravelTicket.java:40)
at Pages.TravelTicket.chooseTravelMode(TravelTicket.java:40)
at Pages.TravelTicket.chooseTravelMode(TravelTicket.java:40)
at Pages.TravelTicket.chooseTravelMode(TravelTicket.java:40)
at Pages.TravelTicket.chooseTravelMode(TravelTicket.java:40)
at Pages.TravelTicket.chooseTravelMode(TravelTicket.java:40)
at Pages.TravelTicket.chooseTravelMode(TravelTicket.java:40)
at Pages.TravelTicket.chooseTravelMode(TravelTicket.java:40)
at Pages.TravelTicket.chooseTravelMode(TravelTicket.java:40)
at Pages.TravelTicket.chooseTravelMode(TravelTicket.java:40)
at Pages.TravelTicket.chooseTravelMode(TravelTicket.java:40)
at Pages.TravelTicket.chooseTravelMode(TravelTicket.java:40)
at Pages.TravelTicket.chooseTravelMode(TravelTicket.java:40)
at Pages.TravelTicket.chooseTravelMode(TravelTicket.java:40)
at Pages.TravelTicket.chooseTravelMode(TravelTicket.java:40)
at Pages.TravelTicket.chooseTravelMode(TravelTicket.java:40)
at Pages.TravelTicket.chooseTravelMode(TravelTicket.java:40)
at Pages.TravelTicket.chooseTravelMode(TravelTicket.java:40)
at Pages.TravelTicket.chooseTravelMode(TravelTicket.java:40)
at Pages.TravelTicket.chooseTravelMode(TravelTicket.java:40)
at Pages.TravelTicket.chooseTravelMode(TravelTicket.java:40)
at Pages.TravelTicket.chooseTravelMode(TravelTicket.java:40)
at Pages.TravelTicket.chooseTravelMode(TravelTicket.java:40)
at Pages.TravelTicket.chooseTravelMode(TravelTicket.java:40)
at Pages.TravelTicket.chooseTravelMode(TravelTicket.java:40)
at Pages.TravelTicket.chooseTravelMode(TravelTicket.java:40)
at Pages.TravelTicket.chooseTravelMode(TravelTicket.java:40)
at Pages.TravelTicket.chooseTravelMode(TravelTicket.java:40)
at Pages.TravelTicket.chooseTravelMode(TravelTicket.java:40)
at Pages.TravelTicket.chooseTravelMode(TravelTicket.java:40)
at Pages.TravelTicket.chooseTravelMode(TravelTicket.java:40)
at Pages.TravelTicket.chooseTravelMode(TravelTicket.java:40)
at Pages.TravelTicket.chooseTravelMode(TravelTicket.java:40)
at Pages.TravelTicket.chooseTravelMode(TravelTicket.java:40)
at Pages.TravelTicket.chooseTravelMode(TravelTicket.java:40)
at Pages.TravelTicket.chooseTravelMode(TravelTicket.java:40)
at Pages.TravelTicket.chooseTravelMode(TravelTicket.java:40)
at Pages.TravelTicket.chooseTravelMode(TravelTicket.java:40)
at Pages.TravelTicket.chooseTravelMode(TravelTicket.java:40)
at Pages.TravelTicket.chooseTravelMode(TravelTicket.java:40)
at Pages.TravelTicket.chooseTravelMode(TravelTicket.java:40)
at Pages.TravelTicket.chooseTravelMode(TravelTicket.java:40)
at Pages.TravelTicket.chooseTravelMode(TravelTicket.java:40)
at Pages.TravelTicket.chooseTravelMode(TravelTicket.java:40)
at Pages.TravelTicket.chooseTravelMode(TravelTicket.java:40)
at Pages.TravelTicket.chooseTravelMode(TravelTicket.java:40)
at Pages.TravelTicket.chooseTravelMode(TravelTicket.java:40)
at Pages.TravelTicket.chooseTravelMode(TravelTicket.java:40)
at Pages.TravelTicket.chooseTravelMode(TravelTicket.java:40)
at Pages.TravelTicket.chooseTravelMode(TravelTicket.java:40)
at Pages.TravelTicket.chooseTravelMode(TravelTicket.java:40)
at Pages.TravelTicket.chooseTravelMode(TravelTicket.java:40)
at Pages.TravelTicket.chooseTravelMode(TravelTicket.java:40)
at Pages.TravelTicket.chooseTravelMode(TravelTicket.java:40)
at Pages.TravelTicket.chooseTravelMode(TravelTicket.java:40)
at Pages.TravelTicket.chooseTravelMode(TravelTicket.java:40)
at Pages.TravelTicket.chooseTravelMode(TravelTicket.java:40)
at Pages.TravelTicket.chooseTravelMode(TravelTicket.java:40)
at Pages.TravelTicket.chooseTravelMode(TravelTicket.java:40)
at Pages.TravelTicket.chooseTravelMode(TravelTicket.java:40)
at Pages.TravelTicket.chooseTravelMode(TravelTicket.java:40)
at Pages.TravelTicket.chooseTravelMode(TravelTicket.java:40)
at Pages.TravelTicket.chooseTravelMode(TravelTicket.java:40)
at Pages.TravelTicket.chooseTravelMode(TravelTicket.java:40)
at Pages.TravelTicket.chooseTravelMode(TravelTicket.java:40)
at Pages.TravelTicket.chooseTravelMode(TravelTicket.java:40)
at Pages.TravelTicket.chooseTravelMode(TravelTicket.java:40)
at Pages.TravelTicket.chooseTravelMode(TravelTicket.java:40)
at Pages.TravelTicket.chooseTravelMode(TravelTicket.java:40)
at Pages.TravelTicket.chooseTravelMode(TravelTicket.java:40)
at Pages.TravelTicket.chooseTravelMode(TravelTicket.java:40)
at Pages.TravelTicket.chooseTravelMode(TravelTicket.java:40)
at Pages.TravelTicket.chooseTravelMode(TravelTicket.java:40)
at Pages.TravelTicket.chooseTravelMode(TravelTicket.java:40)
at Pages.TravelTicket.chooseTravelMode(TravelTicket.java:40)
at Pages.TravelTicket.chooseTravelMode(TravelTicket.java:40)
at Pages.TravelTicket.chooseTravelMode(TravelTicket.java:40)
at Pages.TravelTicket.chooseTravelMode(TravelTicket.java:40)
at Pages.TravelTicket.chooseTravelMode(TravelTicket.java:40)
at Pages.TravelTicket.chooseTravelMode(TravelTicket.java:40)
at Pages.TravelTicket.chooseTravelMode(TravelTicket.java:40)
at Pages.TravelTicket.chooseTravelMode(TravelTicket.java:40)
at Pages.TravelTicket.chooseTravelMode(TravelTicket.java:40)
at Pages.TravelTicket.chooseTravelMode(TravelTicket.java:40)
at Pages.TravelTicket.chooseTravelMode(TravelTicket.java:40)
at Pages.TravelTicket.chooseTravelMode(TravelTicket.java:40)
at Pages.TravelTicket.chooseTravelMode(TravelTicket.java:40)
at Pages.TravelTicket.chooseTravelMode(TravelTicket.java:40)
at Pages.TravelTicket.chooseTravelMode(TravelTicket.java:40)
at Pages.TravelTicket.chooseTravelMode(TravelTicket.java:40)
at Pages.TravelTicket.chooseTravelMode(TravelTicket.java:40)
at Pages.TravelTicket.chooseTravelMode(TravelTicket.java:40)
at Pages.TravelTicket.chooseTravelMode(TravelTicket.java:40)
at Pages.TravelTicket.chooseTravelMode(TravelTicket.java:40)
at Pages.TravelTicket.chooseTravelMode(TravelTicket.java:40)
at Pages.TravelTicket.chooseTravelMode(TravelTicket.java:40)
at Pages.TravelTicket.chooseTravelMode(TravelTicket.java:40)
at Pages.TravelTicket.chooseTravelMode(TravelTicket.java:40)
at Pages.TravelTicket.chooseTravelMode(TravelTicket.java:40)
at Pages.TravelTicket.chooseTravelMode(TravelTicket.java:40)
at Pages.TravelTicket.chooseTravelMode(TravelTicket.java:40)
at Pages.TravelTicket.chooseTravelMode(TravelTicket.java:40)
at Pages.TravelTicket.chooseTravelMode(TravelTicket.java:40)
at Pages.TravelTicket.chooseTravelMode(TravelTicket.java:40)
at Pages.TravelTicket.chooseTravelMode(TravelTicket.java:40)
at Pages.TravelTicket.chooseTravelMode(TravelTicket.java:40)
at Pages.TravelTicket.chooseTravelMode(TravelTicket.java:40)
at Pages.TravelTicket.chooseTravelMode(TravelTicket.java:40)
at Pages.TravelTicket.chooseTravelMode(TravelTicket.java:40)
at Pages.TravelTicket.chooseTravelMode(TravelTicket.java:40)
at Pages.TravelTicket.chooseTravelMode(TravelTicket.java:40)
at Pages.TravelTicket.chooseTravelMode(TravelTicket.java:40)
at Pages.TravelTicket.chooseTravelMode(TravelTicket.java:40)
at Pages.TravelTicket.chooseTravelMode(TravelTicket.java:40)
at Pages.TravelTicket.chooseTravelMode(TravelTicket.java:40)
at Pages.TravelTicket.chooseTravelMode(TravelTicket.java:40)
at Pages.TravelTicket.chooseTravelMode(TravelTicket.java:40)
at Pages.TravelTicket.chooseTravelMode(TravelTicket.java:40)
at Pages.TravelTicket.chooseTravelMode(TravelTicket.java:40)
at Pages.TravelTicket.chooseTravelMode(TravelTicket.java:40)
at Pages.TravelTicket.chooseTravelMode(TravelTicket.java:40)
at Pages.TravelTicket.chooseTravelMode(TravelTicket.java:40)
at Pages.TravelTicket.chooseTravelMode(TravelTicket.java:40)
at Pages.TravelTicket.chooseTravelMode(TravelTicket.java:40)
at Pages.TravelTicket.chooseTravelMode(TravelTicket.java:40)
at Pages.TravelTicket.chooseTravelMode(TravelTicket.java:40)
at Pages.TravelTicket.chooseTravelMode(TravelTicket.java:40)
at Pages.TravelTicket.chooseTravelMode(TravelTicket.java:40)
at Pages.TravelTicket.chooseTravelMode(TravelTicket.java:40)
at Pages.TravelTicket.chooseTravelMode(TravelTicket.java:40)
at Pages.TravelTicket.chooseTravelMode(TravelTicket.java:40)
at Pages.TravelTicket.chooseTravelMode(TravelTicket.java:40)
at Pages.TravelTicket.chooseTravelMode(TravelTicket.java:40)
at Pages.TravelTicket.chooseTravelMode(TravelTicket.java:40)
at Pages.TravelTicket.chooseTravelMode(TravelTicket.java:40)
at Pages.TravelTicket.chooseTravelMode(TravelTicket.java:40)
at Pages.TravelTicket.chooseTravelMode(TravelTicket.java:40)
at Pages.TravelTicket.chooseTravelMode(TravelTicket.java:40)
at Pages.TravelTicket.chooseTravelMode(TravelTicket.java:40)
at Pages.TravelTicket.chooseTravelMode(TravelTicket.java:40)
at Pages.TravelTicket.chooseTravelMode(TravelTicket.java:40)
at Pages.TravelTicket.chooseTravelMode(TravelTicket.java:40)
at Pages.TravelTicket.chooseTravelMode(TravelTicket.java:40)
at Pages.TravelTicket.chooseTravelMode(TravelTicket.java:40)
at Pages.TravelTicket.chooseTravelMode(TravelTicket.java:40)
at Pages.TravelTicket.chooseTravelMode(TravelTicket.java:40)
at Pages.TravelTicket.chooseTravelMode(TravelTicket.java:40)
at Pages.TravelTicket.chooseTravelMode(TravelTicket.java:40)
at Pages.TravelTicket.chooseTravelMode(TravelTicket.java:40)
at Pages.TravelTicket.chooseTravelMode(TravelTicket.java:40)
at Pages.TravelTicket.chooseTravelMode(TravelTicket.java:40)
at Pages.TravelTicket.chooseTravelMode(TravelTicket.java:40)
at Pages.TravelTicket.chooseTravelMode(TravelTicket.java:40)
at Pages.TravelTicket.chooseTravelMode(TravelTicket.java:40)
at Pages.TravelTicket.chooseTravelMode(TravelTicket.java:40)
at Pages.TravelTicket.chooseTravelMode(TravelTicket.java:40)
at Pages.TravelTicket.chooseTravelMode(TravelTicket.java:40)
at Pages.TravelTicket.chooseTravelMode(TravelTicket.java:40)
at Pages.TravelTicket.chooseTravelMode(TravelTicket.java:40)
at Pages.TravelTicket.chooseTravelMode(TravelTicket.java:40)
at Pages.TravelTicket.chooseTravelMode(TravelTicket.java:40)
at Pages.TravelTicket.chooseTravelMode(TravelTicket.java:40)
at Pages.TravelTicket.chooseTravelMode(TravelTicket.java:40)
at Pages.TravelTicket.chooseTravelMode(TravelTicket.java:40)
at Pages.TravelTicket.chooseTravelMode(TravelTicket.java:40)
at Pages.TravelTicket.chooseTravelMode(TravelTicket.java:40)
at Pages.TravelTicket.chooseTravelMode(TravelTicket.java:40)
at Pages.TravelTicket.chooseTravelMode(TravelTicket.java:40)
at Pages.TravelTicket.chooseTravelMode(TravelTicket.java:40)
at Pages.TravelTicket.chooseTravelMode(TravelTicket.java:40)
at Pages.TravelTicket.chooseTravelMode(TravelTicket.java:40)
at Pages.TravelTicket.chooseTravelMode(TravelTicket.java:40)
at Pages.TravelTicket.chooseTravelMode(TravelTicket.java:40)
at Pages.TravelTicket.chooseTravelMode(TravelTicket.java:40)
at Pages.TravelTicket.chooseTravelMode(TravelTicket.java:40)
at Pages.TravelTicket.chooseTravelMode(TravelTicket.java:40)
at Pages.TravelTicket.chooseTravelMode(TravelTicket.java:40)
at Pages.TravelTicket.chooseTravelMode(TravelTicket.java:40)
at Pages.TravelTicket.chooseTravelMode(TravelTicket.java:40)
at Pages.TravelTicket.chooseTravelMode(TravelTicket.java:40)
at Pages.TravelTicket.chooseTravelMode(TravelTicket.java:40)
at Pages.TravelTicket.chooseTravelMode(TravelTicket.java:40)
at Pages.TravelTicket.chooseTravelMode(TravelTicket.java:40)
at Pages.TravelTicket.chooseTravelMode(TravelTicket.java:40)
at Pages.TravelTicket.chooseTravelMode(TravelTicket.java:40)
at Pages.TravelTicket.chooseTravelMode(TravelTicket.java:40)
at Pages.TravelTicket.chooseTravelMode(TravelTicket.java:40)
at Pages.TravelTicket.chooseTravelMode(TravelTicket.java:40)
at Pages.TravelTicket.chooseTravelMode(TravelTicket.java:40)
at Pages.TravelTicket.chooseTravelMode(TravelTicket.java:40)
at Pages.TravelTicket.chooseTravelMode(TravelTicket.java:40)
at Pages.TravelTicket.chooseTravelMode(TravelTicket.java:40)
at Pages.TravelTicket.chooseTravelMode(TravelTicket.java:40)
at Pages.TravelTicket.chooseTravelMode(TravelTicket.java:40)
at Pages.TravelTicket.chooseTravelMode(TravelTicket.java:40)
at Pages.TravelTicket.chooseTravelMode(TravelTicket.java:40)
at Pages.TravelTicket.chooseTravelMode(TravelTicket.java:40)
at Pages.TravelTicket.chooseTravelMode(TravelTicket.java:40)
at Pages.TravelTicket.chooseTravelMode(TravelTicket.java:40)
at Pages.TravelTicket.chooseTravelMode(TravelTicket.java:40)
at Pages.TravelTicket.chooseTravelMode(TravelTicket.java:40)
at Pages.TravelTicket.chooseTravelMode(TravelTicket.java:40)
at Pages.TravelTicket.chooseTravelMode(TravelTicket.java:40)
at Pages.TravelTicket.chooseTravelMode(TravelTicket.java:40)
at Pages.TravelTicket.chooseTravelMode(TravelTicket.java:40)
at Pages.TravelTicket.chooseTravelMode(TravelTicket.java:40)
at Pages.TravelTicket.chooseTravelMode(TravelTicket.java:40)
at Pages.TravelTicket.chooseTravelMode(TravelTicket.java:40)
at Pages.TravelTicket.chooseTravelMode(TravelTicket.java:40)
at Pages.TravelTicket.chooseTravelMode(TravelTicket.java:40)
at Pages.TravelTicket.chooseTravelMode(TravelTicket.java:40)
at Pages.TravelTicket.chooseTravelMode(TravelTicket.java:40)
at Pages.TravelTicket.chooseTravelMode(TravelTicket.java:40)
at Pages.TravelTicket.chooseTravelMode(TravelTicket.java:40)
at Pages.TravelTicket.chooseTravelMode(TravelTicket.java:40)
at Pages.TravelTicket.chooseTravelMode(TravelTicket.java:40)
at Pages.TravelTicket.chooseTravelMode(TravelTicket.java:40)
at Pages.TravelTicket.chooseTravelMode(TravelTicket.java:40)
at Pages.TravelTicket.chooseTravelMode(TravelTicket.java:40)
at Pages.TravelTicket.chooseTravelMode(TravelTicket.java:40)
at Pages.TravelTicket.chooseTravelMode(TravelTicket.java:40)
at Pages.TravelTicket.chooseTravelMode(TravelTicket.java:40)
at Pages.TravelTicket.chooseTravelMode(TravelTicket.java:40)
at Pages.TravelTicket.chooseTravelMode(TravelTicket.java:40)
at Pages.TravelTicket.chooseTravelMode(TravelTicket.java:40)
at Pages.TravelTicket.chooseTravelMode(TravelTicket.java:40)
at Pages.TravelTicket.chooseTravelMode(TravelTicket.java:40)
at Pages.TravelTicket.chooseTravelMode(TravelTicket.java:40)
at Pages.TravelTicket.chooseTravelMode(TravelTicket.java:40)
at Pages.TravelTicket.chooseTravelMode(TravelTicket.java:40)
at Pages.TravelTicket.chooseTravelMode(TravelTicket.java:40)
at Pages.TravelTicket.chooseTravelMode(TravelTicket.java:40)
at Pages.TravelTicket.chooseTravelMode(TravelTicket.java:40)
at Pages.TravelTicket.chooseTravelMode(TravelTicket.java:40)
at Pages.TravelTicket.chooseTravelMode(TravelTicket.java:40)
at Pages.TravelTicket.chooseTravelMode(TravelTicket.java:40)
at Pages.TravelTicket.chooseTravelMode(TravelTicket.java:40)
at Pages.TravelTicket.chooseTravelMode(TravelTicket.java:40)
at Pages.TravelTicket.chooseTravelMode(TravelTicket.java:40)
at Pages.TravelTicket.chooseTravelMode(TravelTicket.java:40)
at Pages.TravelTicket.chooseTravelMode(TravelTicket.java:40)
at Pages.TravelTicket.chooseTravelMode(TravelTicket.java:40)
at Pages.TravelTicket.chooseTravelMode(TravelTicket.java:40)
at Pages.TravelTicket.chooseTravelMode(TravelTicket.java:40)
at Pages.TravelTicket.chooseTravelMode(TravelTicket.java:40)
at Pages.TravelTicket.chooseTravelMode(TravelTicket.java:40)
at Pages.TravelTicket.chooseTravelMode(TravelTicket.java:40)
at Pages.TravelTicket.chooseTravelMode(TravelTicket.java:40)
at Pages.TravelTicket.chooseTravelMode(TravelTicket.java:40)
at Pages.TravelTicket.chooseTravelMode(TravelTicket.java:40)
at Pages.TravelTicket.chooseTravelMode(TravelTicket.java:40)
at Pages.TravelTicket.chooseTravelMode(TravelTicket.java:40)
at Pages.TravelTicket.chooseTravelMode(TravelTicket.java:40)
at Pages.TravelTicket.chooseTravelMode(TravelTicket.java:40)
at Pages.TravelTicket.chooseTravelMode(TravelTicket.java:40)
at Pages.TravelTicket.chooseTravelMode(TravelTicket.java:40)
at Pages.TravelTicket.chooseTravelMode(TravelTicket.java:40)
at Pages.TravelTicket.chooseTravelMode(TravelTicket.java:40)
at Pages.TravelTicket.chooseTravelMode(TravelTicket.java:40)
at Pages.TravelTicket.chooseTravelMode(TravelTicket.java:40)
at Pages.TravelTicket.chooseTravelMode(TravelTicket.java:40)
at Pages.TravelTicket.chooseTravelMode(TravelTicket.java:40)
at Pages.TravelTicket.chooseTravelMode(TravelTicket.java:40)
at Pages.TravelTicket.chooseTravelMode(TravelTicket.java:40)
at Pages.TravelTicket.chooseTravelMode(TravelTicket.java:40)
at Pages.TravelTicket.chooseTravelMode(TravelTicket.java:40)
at Pages.TravelTicket.chooseTravelMode(TravelTicket.java:40)
at Pages.TravelTicket.chooseTravelMode(TravelTicket.java:40)
at Pages.TravelTicket.chooseTravelMode(TravelTicket.java:40)
at Pages.TravelTicket.chooseTravelMode(TravelTicket.java:40)
at Pages.TravelTicket.chooseTravelMode(TravelTicket.java:40)
at Pages.TravelTicket.chooseTravelMode(TravelTicket.java:40)
at Pages.TravelTicket.chooseTravelMode(TravelTicket.java:40)
at Pages.TravelTicket.chooseTravelMode(TravelTicket.java:40)
at Pages.TravelTicket.chooseTravelMode(TravelTicket.java:40)
at Pages.TravelTicket.chooseTravelMode(TravelTicket.java:40)
at Pages.TravelTicket.chooseTravelMode(TravelTicket.java:40)
at Pages.TravelTicket.chooseTravelMode(TravelTicket.java:40)
at Pages.TravelTicket.chooseTravelMode(TravelTicket.java:40)
at Pages.TravelTicket.chooseTravelMode(TravelTicket.java:40)
at Pages.TravelTicket.chooseTravelMode(TravelTicket.java:40)
at Pages.TravelTicket.chooseTravelMode(TravelTicket.java:40)
at Pages.TravelTicket.chooseTravelMode(TravelTicket.java:40)
at Pages.TravelTicket.chooseTravelMode(TravelTicket.java:40)
at Pages.TravelTicket.chooseTravelMode(TravelTicket.java:40)
at Pages.TravelTicket.chooseTravelMode(TravelTicket.java:40)
at Pages.TravelTicket.chooseTravelMode(TravelTicket.java:40)
at Pages.TravelTicket.chooseTravelMode(TravelTicket.java:40)
at Pages.TravelTicket.chooseTravelMode(TravelTicket.java:40)
at Pages.TravelTicket.chooseTravelMode(TravelTicket.java:40)
at Pages.TravelTicket.chooseTravelMode(TravelTicket.java:40)
at Pages.TravelTicket.chooseTravelMode(TravelTicket.java:40)
at Pages.TravelTicket.chooseTravelMode(TravelTicket.java:40)
at Pages.TravelTicket.chooseTravelMode(TravelTicket.java:40)
at Pages.TravelTicket.chooseTravelMode(TravelTicket.java:40)
at Pages.TravelTicket.chooseTravelMode(TravelTicket.java:40)
at Pages.TravelTicket.chooseTravelMode(TravelTicket.java:40)
at Pages.TravelTicket.chooseTravelMode(TravelTicket.java:40)
at Pages.TravelTicket.chooseTravelMode(TravelTicket.java:40)
at Pages.TravelTicket.chooseTravelMode(TravelTicket.java:40)
at Pages.TravelTicket.chooseTravelMode(TravelTicket.java:40)
at Pages.TravelTicket.chooseTravelMode(TravelTicket.java:40)
at Pages.TravelTicket.chooseTravelMode(TravelTicket.java:40)
at Pages.TravelTicket.chooseTravelMode(TravelTicket.java:40)
at Pages.TravelTicket.chooseTravelMode(TravelTicket.java:40)
at Pages.TravelTicket.chooseTravelMode(TravelTicket.java:40)
at Pages.TravelTicket.chooseTravelMode(TravelTicket.java:40)
at Pages.TravelTicket.chooseTravelMode(TravelTicket.java:40)
at Pages.TravelTicket.chooseTravelMode(TravelTicket.java:40)
at Pages.TravelTicket.chooseTravelMode(TravelTicket.java:40)
at Pages.TravelTicket.chooseTravelMode(TravelTicket.java:40)
at Pages.TravelTicket.chooseTravelMode(TravelTicket.java:40)
at Pages.TravelTicket.chooseTravelMode(TravelTicket.java:40)
at Pages.TravelTicket.chooseTravelMode(TravelTicket.java:40)
at Pages.TravelTicket.chooseTravelMode(TravelTicket.java:40)
at Pages.TravelTicket.chooseTravelMode(TravelTicket.java:40)
at Pages.TravelTicket.chooseTravelMode(TravelTicket.java:40)
at Pages.TravelTicket.chooseTravelMode(TravelTicket.java:40)
at Pages.TravelTicket.chooseTravelMode(TravelTicket.java:40)
at Pages.TravelTicket.chooseTravelMode(TravelTicket.java:40)
at Pages.TravelTicket.chooseTravelMode(TravelTicket.java:40)
at Pages.TravelTicket.chooseTravelMode(TravelTicket.java:40)
at Pages.TravelTicket.chooseTravelMode(TravelTicket.java:40)
at Pages.TravelTicket.chooseTravelMode(TravelTicket.java:40)
at Pages.TravelTicket.chooseTravelMode(TravelTicket.java:40)
at Pages.TravelTicket.chooseTravelMode(TravelTicket.java:40)
at Pages.TravelTicket.chooseTravelMode(TravelTicket.java:40)
at Pages.TravelTicket.chooseTravelMode(TravelTicket.java:40)
at Pages.TravelTicket.chooseTravelMode(TravelTicket.java:40)
at Pages.TravelTicket.chooseTravelMode(TravelTicket.java:40)
at Pages.TravelTicket.chooseTravelMode(TravelTicket.java:40)
at Pages.TravelTicket.chooseTravelMode(TravelTicket.java:40)
at Pages.TravelTicket.chooseTravelMode(TravelTicket.java:40)
at Pages.TravelTicket.chooseTravelMode(TravelTicket.java:40)
at Pages.TravelTicket.chooseTravelMode(TravelTicket.java:40)
at Pages.TravelTicket.chooseTravelMode(TravelTicket.java:40)
at Pages.TravelTicket.chooseTravelMode(TravelTicket.java:40)
at Pages.TravelTicket.chooseTravelMode(TravelTicket.java:40)
at Pages.TravelTicket.chooseTravelMode(TravelTicket.java:40)
at Pages.TravelTicket.chooseTravelMode(TravelTicket.java:40)
at Pages.TravelTicket.chooseTravelMode(TravelTicket.java:40)
at Pages.TravelTicket.chooseTravelMode(TravelTicket.java:40)
at Pages.TravelTicket.chooseTravelMode(TravelTicket.java:40)
at Pages.TravelTicket.chooseTravelMode(TravelTicket.java:40)
at Pages.TravelTicket.chooseTravelMode(TravelTicket.java:40)
at Pages.TravelTicket.chooseTravelMode(TravelTicket.java:40)
at Pages.TravelTicket.chooseTravelMode(TravelTicket.java:40)
at Pages.TravelTicket.chooseTravelMode(TravelTicket.java:40)
at Pages.TravelTicket.chooseTravelMode(TravelTicket.java:40)
at Pages.TravelTicket.chooseTravelMode(TravelTicket.java:40)
at Pages.TravelTicket.chooseTravelMode(TravelTicket.java:40)
at Pages.TravelTicket.chooseTravelMode(TravelTicket.java:40)
at Pages.TravelTicket.chooseTravelMode(TravelTicket.java:40)
at Pages.TravelTicket.chooseTravelMode(TravelTicket.java:40)
at Pages.TravelTicket.chooseTravelMode(TravelTicket.java:40)
at Pages.TravelTicket.chooseTravelMode(TravelTicket.java:40)
at Pages.TravelTicket.chooseTravelMode(TravelTicket.java:40)
at Pages.TravelTicket.chooseTravelMode(TravelTicket.java:40)
at Pages.TravelTicket.chooseTravelMode(TravelTicket.java:40)
at Pages.TravelTicket.chooseTravelMode(TravelTicket.java:40)
at Pages.TravelTicket.chooseTravelMode(TravelTicket.java:40)
at Pages.TravelTicket.chooseTravelMode(TravelTicket.java:40)
at Pages.TravelTicket.chooseTravelMode(TravelTicket.java:40)
at Pages.TravelTicket.chooseTravelMode(TravelTicket.java:40)
at Pages.TravelTicket.chooseTravelMode(TravelTicket.java:40)
at Pages.TravelTicket.chooseTravelMode(TravelTicket.java:40)
at Pages.TravelTicket.chooseTravelMode(TravelTicket.java:40)
at Pages.TravelTicket.chooseTravelMode(TravelTicket.java:40)
at Pages.TravelTicket.chooseTravelMode(TravelTicket.java:40)
at Pages.TravelTicket.chooseTravelMode(TravelTicket.java:40)
at Pages.TravelTicket.chooseTravelMode(TravelTicket.java:40)
at Pages.TravelTicket.chooseTravelMode(TravelTicket.java:40)
at Pages.TravelTicket.chooseTravelMode(TravelTicket.java:40)
at Pages.TravelTicket.chooseTravelMode(TravelTicket.java:40)
at Pages.TravelTicket.chooseTravelMode(TravelTicket.java:40)
at Pages.TravelTicket.chooseTravelMode(TravelTicket.java:40)
at Pages.TravelTicket.chooseTravelMode(TravelTicket.java:40)
at Pages.TravelTicket.chooseTravelMode(TravelTicket.java:40)
at Pages.TravelTicket.chooseTravelMode(TravelTicket.java:40)
at Pages.TravelTicket.chooseTravelMode(TravelTicket.java:40)
at Pages.TravelTicket.chooseTravelMode(TravelTicket.java:40)
at Pages.TravelTicket.chooseTravelMode(TravelTicket.java:40)
at Pages.TravelTicket.chooseTravelMode(TravelTicket.java:40)
at Pages.TravelTicket.chooseTravelMode(TravelTicket.java:40)
at Pages.TravelTicket.chooseTravelMode(TravelTicket.java:40)
at Pages.TravelTicket.chooseTravelMode(TravelTicket.java:40)
at Pages.TravelTicket.chooseTravelMode(TravelTicket.java:40)
at Pages.TravelTicket.chooseTravelMode(TravelTicket.java:40)
at Pages.TravelTicket.chooseTravelMode(TravelTicket.java:40)
at Pages.TravelTicket.chooseTravelMode(TravelTicket.java:40)
at Pages.TravelTicket.chooseTravelMode(TravelTicket.java:40)
at Pages.TravelTicket.chooseTravelMode(TravelTicket.java:40)
at Pages.TravelTicket.chooseTravelMode(TravelTicket.java:40)
at Pages.TravelTicket.chooseTravelMode(TravelTicket.java:40)
at Pages.TravelTicket.chooseTravelMode(TravelTicket.java:40)
at Pages.TravelTicket.chooseTravelMode(TravelTicket.java:40)
at Pages.TravelTicket.chooseTravelMode(TravelTicket.java:40)
at Pages.TravelTicket.chooseTravelMode(TravelTicket.java:40)
at Pages.TravelTicket.chooseTravelMode(TravelTicket.java:40)
at Pages.TravelTicket.chooseTravelMode(TravelTicket.java:40)
at Pages.TravelTicket.chooseTravelMode(TravelTicket.java:40)
at Pages.TravelTicket.chooseTravelMode(TravelTicket.java:40)
at Pages.TravelTicket.chooseTravelMode(TravelTicket.java:40)
at Pages.TravelTicket.chooseTravelMode(TravelTicket.java:40)
at Pages.TravelTicket.chooseTravelMode(TravelTicket.java:40)
at Pages.TravelTicket.chooseTravelMode(TravelTicket.java:40)
at Pages.TravelTicket.chooseTravelMode(TravelTicket.java:40)
at Pages.TravelTicket.chooseTravelMode(TravelTicket.java:40)
at Pages.TravelTicket.chooseTravelMode(TravelTicket.java:40)
at Pages.TravelTicket.chooseTravelMode(TravelTicket.java:40)
at Pages.TravelTicket.chooseTravelMode(TravelTicket.java:40)
at Pages.TravelTicket.chooseTravelMode(TravelTicket.java:40)
at Pages.TravelTicket.chooseTravelMode(TravelTicket.java:40)
at Pages.TravelTicket.chooseTravelMode(TravelTicket.java:40)
at Pages.TravelTicket.chooseTravelMode(TravelTicket.java:40)
at Pages.TravelTicket.chooseTravelMode(TravelTicket.java:40)
at Pages.TravelTicket.chooseTravelMode(TravelTicket.java:40)
at Pages.TravelTicket.chooseTravelMode(TravelTicket.java:40)
at Pages.TravelTicket.chooseTravelMode(TravelTicket.java:40)
at Pages.TravelTicket.chooseTravelMode(TravelTicket.java:40)
at Pages.TravelTicket.chooseTravelMode(TravelTicket.java:40)
at Pages.TravelTicket.chooseTravelMode(TravelTicket.java:40)
at Pages.TravelTicket.chooseTravelMode(TravelTicket.java:40)
at Pages.TravelTicket.chooseTravelMode(TravelTicket.java:40)
at Pages.TravelTicket.chooseTravelMode(TravelTicket.java:40)
at Pages.TravelTicket.chooseTravelMode(TravelTicket.java:40)
at Pages.TravelTicket.chooseTravelMode(TravelTicket.java:40)
at Pages.TravelTicket.chooseTravelMode(TravelTicket.java:40)
at Pages.TravelTicket.chooseTravelMode(TravelTicket.java:40)
at Pages.TravelTicket.chooseTravelMode(TravelTicket.java:40)
at Pages.TravelTicket.chooseTravelMode(TravelTicket.java:40)
at Pages.TravelTicket.chooseTravelMode(TravelTicket.java:40)
at Pages.TravelTicket.chooseTravelMode(TravelTicket.java:40)
at Pages.TravelTicket.chooseTravelMode(TravelTicket.java:40)
at Pages.TravelTicket.chooseTravelMode(TravelTicket.java:40)
at Pages.TravelTicket.chooseTravelMode(TravelTicket.java:40)
at Pages.TravelTicket.chooseTravelMode(TravelTicket.java:40)
at Pages.TravelTicket.chooseTravelMode(TravelTicket.java:40)
at Pages.TravelTicket.chooseTravelMode(TravelTicket.java:40)
at Pages.TravelTicket.chooseTravelMode(TravelTicket.java:40)
at Pages.TravelTicket.chooseTravelMode(TravelTicket.java:40)
at Pages.TravelTicket.chooseTravelMode(TravelTicket.java:40)
at Pages.TravelTicket.chooseTravelMode(TravelTicket.java:40)
at Pages.TravelTicket.chooseTravelMode(TravelTicket.java:40)
at Pages.TravelTicket.chooseTravelMode(TravelTicket.java:40)
at Pages.TravelTicket.chooseTravelMode(TravelTicket.java:40)
at Pages.TravelTicket.chooseTravelMode(TravelTicket.java:40)
at Pages.TravelTicket.chooseTravelMode(TravelTicket.java:40)
at Pages.TravelTicket.chooseTravelMode(TravelTicket.java:40)
at Pages.TravelTicket.chooseTravelMode(TravelTicket.java:40)
at Pages.TravelTicket.chooseTravelMode(TravelTicket.java:40)
at Pages.TravelTicket.chooseTravelMode(TravelTicket.java:40)
at Pages.TravelTicket.chooseTravelMode(TravelTicket.java:40)
at Pages.TravelTicket.chooseTravelMode(TravelTicket.java:40)
at Pages.TravelTicket.chooseTravelMode(TravelTicket.java:40)
at Pages.TravelTicket.chooseTravelMode(TravelTicket.java:40)
at Pages.TravelTicket.chooseTravelMode(TravelTicket.java:40)
at Pages.TravelTicket.chooseTravelMode(TravelTicket.java:40)
at Pages.TravelTicket.chooseTravelMode(TravelTicket.java:40)
at Pages.TravelTicket.chooseTravelMode(TravelTicket.java:40)
at Pages.TravelTicket.chooseTravelMode(TravelTicket.java:40)
at Pages.TravelTicket.chooseTravelMode(TravelTicket.java:40)
at Pages.TravelTicket.chooseTravelMode(TravelTicket.java:40)
at Pages.TravelTicket.chooseTravelMode(TravelTicket.java:40)
at Pages.TravelTicket.chooseTravelMode(TravelTicket.java:40)
at Pages.TravelTicket.chooseTravelMode(TravelTicket.java:40)
at Pages.TravelTicket.chooseTravelMode(TravelTicket.java:40)
at Pages.TravelTicket.chooseTravelMode(TravelTicket.java:40)
at Pages.TravelTicket.chooseTravelMode(TravelTicket.java:40)
at Pages.TravelTicket.chooseTravelMode(TravelTicket.java:40)
at Pages.TravelTicket.chooseTravelMode(TravelTicket.java:40)
at Pages.TravelTicket.chooseTravelMode(TravelTicket.java:40)
at Pages.TravelTicket.chooseTravelMode(TravelTicket.java:40)
at Pages.TravelTicket.chooseTravelMode(TravelTicket.java:40)
at Pages.TravelTicket.chooseTravelMode(TravelTicket.java:40)
at Pages.TravelTicket.chooseTravelMode(TravelTicket.java:40)
at Pages.TravelTicket.chooseTravelMode(TravelTicket.java:40)
at Pages.TravelTicket.chooseTravelMode(TravelTicket.java:40)
at Pages.TravelTicket.chooseTravelMode(TravelTicket.java:40)
at Pages.TravelTicket.chooseTravelMode(TravelTicket.java:40)
at Pages.TravelTicket.chooseTravelMode(TravelTicket.java:40)
at Pages.TravelTicket.chooseTravelMode(TravelTicket.java:40)
at Pages.TravelTicket.chooseTravelMode(TravelTicket.java:40)
at Pages.TravelTicket.chooseTravelMode(TravelTicket.java:40)
at Pages.TravelTicket.chooseTravelMode(TravelTicket.java:40)
at Pages.TravelTicket.chooseTravelMode(TravelTicket.java:40)
at Pages.TravelTicket.chooseTravelMode(TravelTicket.java:40)
at Pages.TravelTicket.chooseTravelMode(TravelTicket.java:40)
at Pages.TravelTicket.chooseTravelMode(TravelTicket.java:40)
at Pages.TravelTicket.chooseTravelMode(TravelTicket.java:40)
at Pages.TravelTicket.chooseTravelMode(TravelTicket.java:40)
at Pages.TravelTicket.chooseTravelMode(TravelTicket.java:40)
at Pages.TravelTicket.chooseTravelMode(TravelTicket.java:40)
at Pages.TravelTicket.chooseTravelMode(TravelTicket.java:40)
at Pages.TravelTicket.chooseTravelMode(TravelTicket.java:40)
at Pages.TravelTicket.chooseTravelMode(TravelTicket.java:40)
at Pages.TravelTicket.chooseTravelMode(TravelTicket.java:40)
at Pages.TravelTicket.chooseTravelMode(TravelTicket.java:40)
at Pages.TravelTicket.chooseTravelMode(TravelTicket.java:40)
at Pages.TravelTicket.chooseTravelMode(TravelTicket.java:40)
at Pages.TravelTicket.chooseTravelMode(TravelTicket.java:40)
at Pages.TravelTicket.chooseTravelMode(TravelTicket.java:40)
at Pages.TravelTicket.chooseTravelMode(TravelTicket.java:40)
at Pages.TravelTicket.chooseTravelMode(TravelTicket.java:40)
at Pages.TravelTicket.chooseTravelMode(TravelTicket.java:40)
at Pages.TravelTicket.chooseTravelMode(TravelTicket.java:40)
at Pages.TravelTicket.chooseTravelMode(TravelTicket.java:40)
at Pages.TravelTicket.chooseTravelMode(TravelTicket.java:40)
at Pages.TravelTicket.chooseTravelMode(TravelTicket.java:40)
at Pages.TravelTicket.chooseTravelMode(TravelTicket.java:40)
at Pages.TravelTicket.chooseTravelMode(TravelTicket.java:40)
at Pages.TravelTicket.chooseTravelMode(TravelTicket.java:40)
at Pages.TravelTicket.chooseTravelMode(TravelTicket.java:40)
at Pages.TravelTicket.chooseTravelMode(TravelTicket.java:40)
at Pages.TravelTicket.chooseTravelMode(TravelTicket.java:40)
at Pages.TravelTicket.chooseTravelMode(TravelTicket.java:40)
at Pages.TravelTicket.chooseTravelMode(TravelTicket.java:40)
at Pages.TravelTicket.chooseTravelMode(TravelTicket.java:40)
at Pages.TravelTicket.chooseTravelMode(TravelTicket.java:40)
at Pages.TravelTicket.chooseTravelMode(TravelTicket.java:40)
at Pages.TravelTicket.chooseTravelMode(TravelTicket.java:40)
at Pages.TravelTicket.chooseTravelMode(TravelTicket.java:40)
at Pages.TravelTicket.chooseTravelMode(TravelTicket.java:40)
at Pages.TravelTicket.chooseTravelMode(TravelTicket.java:40)
at Pages.TravelTicket.chooseTravelMode(TravelTicket.java:40)
at Pages.TravelTicket.chooseTravelMode(TravelTicket.java:40)
at Pages.TravelTicket.chooseTravelMode(TravelTicket.java:40)
at Pages.TravelTicket.chooseTravelMode(TravelTicket.java:40)
at Pages.TravelTicket.chooseTravelMode(TravelTicket.java:40)
at Pages.TravelTicket.chooseTravelMode(TravelTicket.java:40)
at Pages.TravelTicket.chooseTravelMode(TravelTicket.java:40)
at Pages.TravelTicket.chooseTravelMode(TravelTicket.java:40)
at Pages.TravelTicket.chooseTravelMode(TravelTicket.java:40)
at Pages.TravelTicket.chooseTravelMode(TravelTicket.java:40)
at Pages.TravelTicket.chooseTravelMode(TravelTicket.java:40)
at Pages.TravelTicket.chooseTravelMode(TravelTicket.java:40)
at Pages.TravelTicket.chooseTravelMode(TravelTicket.java:40)
at Pages.TravelTicket.chooseTravelMode(TravelTicket.java:40)
at Pages.TravelTicket.chooseTravelMode(TravelTicket.java:40)
at Pages.TravelTicket.chooseTravelMode(TravelTicket.java:40)
at Pages.TravelTicket.chooseTravelMode(TravelTicket.java:40)
at Pages.TravelTicket.chooseTravelMode(TravelTicket.java:40)
at Pages.TravelTicket.chooseTravelMode(TravelTicket.java:40)
at Pages.TravelTicket.chooseTravelMode(TravelTicket.java:40)
at Pages.TravelTicket.chooseTravelMode(TravelTicket.java:40)
at Pages.TravelTicket.chooseTravelMode(TravelTicket.java:40)
at Pages.TravelTicket.chooseTravelMode(TravelTicket.java:40)
at Pages.TravelTicket.chooseTravelMode(TravelTicket.java:40)
at Pages.TravelTicket.chooseTravelMode(TravelTicket.java:40)
at Pages.TravelTicket.chooseTravelMode(TravelTicket.java:40)
at Pages.TravelTicket.chooseTravelMode(TravelTicket.java:40)
at Pages.TravelTicket.chooseTravelMode(TravelTicket.java:40)
at Pages.TravelTicket.chooseTravelMode(TravelTicket.java:40)
at Pages.TravelTicket.chooseTravelMode(TravelTicket.java:40)
at Pages.TravelTicket.chooseTravelMode(TravelTicket.java:40)
at Pages.TravelTicket.chooseTravelMode(TravelTicket.java:40)
at Pages.TravelTicket.chooseTravelMode(TravelTicket.java:40)
at Pages.TravelTicket.chooseTravelMode(TravelTicket.java:40)
at Pages.TravelTicket.chooseTravelMode(TravelTicket.java:40)
at Pages.TravelTicket.chooseTravelMode(TravelTicket.java:40)
at Pages.TravelTicket.chooseTravelMode(TravelTicket.java:40)
at Pages.TravelTicket.chooseTravelMode(TravelTicket.java:40)
at Pages.TravelTicket.chooseTravelMode(TravelTicket.java:40)
at Pages.TravelTicket.chooseTravelMode(TravelTicket.java:40)
at Pages.TravelTicket.chooseTravelMode(TravelTicket.java:40)
at Pages.TravelTicket.chooseTravelMode(TravelTicket.java:40)
at Pages.TravelTicket.chooseTravelMode(TravelTicket.java:40)
at Pages.TravelTicket.chooseTravelMode(TravelTicket.java:40)
at Pages.TravelTicket.chooseTravelMode(TravelTicket.java:40)
at Pages.TravelTicket.chooseTravelMode(TravelTicket.java:40)
at Pages.TravelTicket.chooseTravelMode(TravelTicket.java:40)
at Pages.TravelTicket.chooseTravelMode(TravelTicket.java:40)
at Pages.TravelTicket.chooseTravelMode(TravelTicket.java:40)
at Pages.TravelTicket.chooseTravelMode(TravelTicket.java:40)
at Pages.TravelTicket.chooseTravelMode(TravelTicket.java:40)
at Pages.TravelTicket.chooseTravelMode(TravelTicket.java:40)
at Pages.TravelTicket.chooseTravelMode(TravelTicket.java:40)
at Pages.TravelTicket.chooseTravelMode(TravelTicket.java:40)
at Pages.TravelTicket.chooseTravelMode(TravelTicket.java:40)
at Pages.TravelTicket.chooseTravelMode(TravelTicket.java:40)
at Pages.TravelTicket.chooseTravelMode(TravelTicket.java:40)
at Pages.TravelTicket.chooseTravelMode(TravelTicket.java:40)
at Pages.TravelTicket.chooseTravelMode(TravelTicket.java:40)
at Pages.TravelTicket.chooseTravelMode(TravelTicket.java:40)
at Pages.TravelTicket.chooseTravelMode(TravelTicket.java:40)
at Pages.TravelTicket.chooseTravelMode(TravelTicket.java:40)
at Pages.TravelTicket.chooseTravelMode(TravelTicket.java:40)
at Pages.TravelTicket.chooseTravelMode(TravelTicket.java:40)
at Pages.TravelTicket.chooseTravelMode(TravelTicket.java:40)
at Pages.TravelTicket.chooseTravelMode(TravelTicket.java:40)
at Pages.TravelTicket.chooseTravelMode(TravelTicket.java:40)
at Pages.TravelTicket.chooseTravelMode(TravelTicket.java:40)
at Pages.TravelTicket.chooseTravelMode(TravelTicket.java:40)
at Pages.TravelTicket.chooseTravelMode(TravelTicket.java:40)
at Pages.TravelTicket.chooseTravelMode(TravelTicket.java:40)
at Pages.TravelTicket.chooseTravelMode(TravelTicket.java:40)
at Pages.TravelTicket.chooseTravelMode(TravelTicket.java:40)
at Pages.TravelTicket.chooseTravelMode(TravelTicket.java:40)
at Pages.TravelTicket.chooseTravelMode(TravelTicket.java:40)
at Pages.TravelTicket.chooseTravelMode(TravelTicket.java:40)
at Pages.TravelTicket.chooseTravelMode(TravelTicket.java:40)
at Pages.TravelTicket.chooseTravelMode(TravelTicket.java:40)
at Pages.TravelTicket.chooseTravelMode(TravelTicket.java:40)
at Pages.TravelTicket.chooseTravelMode(TravelTicket.java:40)
at Pages.TravelTicket.chooseTravelMode(TravelTicket.java:40)
at Pages.TravelTicket.chooseTravelMode(TravelTicket.java:40)
at Pages.TravelTicket.chooseTravelMode(TravelTicket.java:40)
at Pages.TravelTicket.chooseTravelMode(TravelTicket.java:40)
at Pages.TravelTicket.chooseTravelMode(TravelTicket.java:40)
at Pages.TravelTicket.chooseTravelMode(TravelTicket.java:40)
at Pages.TravelTicket.chooseTravelMode(TravelTicket.java:40)
at Pages.TravelTicket.chooseTravelMode(TravelTicket.java:40)
at Pages.TravelTicket.chooseTravelMode(TravelTicket.java:40)
at Pages.TravelTicket.chooseTravelMode(TravelTicket.java:40)
at Pages.TravelTicket.chooseTravelMode(TravelTicket.java:40)
at Pages.TravelTicket.chooseTravelMode(TravelTicket.java:40)
at Pages.TravelTicket.chooseTravelMode(TravelTicket.java:40)
at Pages.TravelTicket.chooseTravelMode(TravelTicket.java:40)
at Pages.TravelTicket.chooseTravelMode(TravelTicket.java:40)
at Pages.TravelTicket.chooseTravelMode(TravelTicket.java:40)
at Pages.TravelTicket.chooseTravelMode(TravelTicket.java:40)
at Pages.TravelTicket.chooseTravelMode(TravelTicket.java:40)
at Pages.TravelTicket.chooseTravelMode(TravelTicket.java:40)
at Pages.TravelTicket.chooseTravelMode(TravelTicket.java:40)
at Pages.TravelTicket.chooseTravelMode(TravelTicket.java:40)
at Pages.TravelTicket.chooseTravelMode(TravelTicket.java:40)
at Pages.TravelTicket.chooseTravelMode(TravelTicket.java:40)
at Pages.TravelTicket.chooseTravelMode(TravelTicket.java:40)
at Pages.TravelTicket.chooseTravelMode(TravelTicket.java:40)
at Pages.TravelTicket.chooseTravelMode(TravelTicket.java:40)
at Pages.TravelTicket.chooseTravelMode(TravelTicket.java:40)
at Pages.TravelTicket.chooseTravelMode(TravelTicket.java:40)
at Pages.TravelTicket.chooseTravelMode(TravelTicket.java:40)
at Pages.TravelTicket.chooseTravelMode(TravelTicket.java:40)
at Pages.TravelTicket.chooseTravelMode(TravelTicket.java:40)
at Pages.TravelTicket.chooseTravelMode(TravelTicket.java:40)
at Pages.TravelTicket.chooseTravelMode(TravelTicket.java:40)
at Pages.TravelTicket.chooseTravelMode(TravelTicket.java:40)
at Pages.TravelTicket.chooseTravelMode(TravelTicket.java:40)
at Pages.TravelTicket.chooseTravelMode(TravelTicket.java:40)
at Pages.TravelTicket.chooseTravelMode(TravelTicket.java:40)
at Pages.TravelTicket.chooseTravelMode(TravelTicket.java:40)
at Pages.TravelTicket.chooseTravelMode(TravelTicket.java:40)
at Pages.TravelTicket.chooseTravelMode(TravelTicket.java:40)
at Pages.TravelTicket.chooseTravelMode(TravelTicket.java:40)
at Pages.TravelTicket.chooseTravelMode(TravelTicket.java:40)
at Pages.TravelTicket.chooseTravelMode(TravelTicket.java:40)
at Pages.TravelTicket.chooseTravelMode(TravelTicket.java:40)
at Pages.TravelTicket.chooseTravelMode(TravelTicket.java:40)
at Pages.TravelTicket.chooseTravelMode(TravelTicket.java:40)
at Pages.TravelTicket.chooseTravelMode(TravelTicket.java:40)
at Pages.TravelTicket.chooseTravelMode(TravelTicket.java:40)
at Pages.TravelTicket.chooseTravelMode(TravelTicket.java:40)
at Pages.TravelTicket.chooseTravelMode(TravelTicket.java:40)
at Pages.TravelTicket.chooseTravelMode(TravelTicket.java:40)
at Pages.TravelTicket.chooseTravelMode(TravelTicket.java:40)
at Pages.TravelTicket.chooseTravelMode(TravelTicket.java:40)
at Pages.TravelTicket.chooseTravelMode(TravelTicket.java:40)
at Pages.TravelTicket.chooseTravelMode(TravelTicket.java:40)
at Pages.TravelTicket.chooseTravelMode(TravelTicket.java:40)
at Pages.TravelTicket.chooseTravelMode(TravelTicket.java:40)
at Pages.TravelTicket.chooseTravelMode(TravelTicket.java:40)
at Pages.TravelTicket.chooseTravelMode(TravelTicket.java:40)
at Pages.TravelTicket.chooseTravelMode(TravelTicket.java:40)
at Pages.TravelTicket.chooseTravelMode(TravelTicket.java:40)
at Pages.TravelTicket.chooseTravelMode(TravelTicket.java:40)
at Pages.TravelTicket.chooseTravelMode(TravelTicket.java:40)
at Pages.TravelTicket.chooseTravelMode(TravelTicket.java:40)
at Pages.TravelTicket.chooseTravelMode(TravelTicket.java:40)
at Pages.TravelTicket.chooseTravelMode(TravelTicket.java:40)
at Pages.TravelTicket.chooseTravelMode(TravelTicket.java:40)
at Pages.TravelTicket.chooseTravelMode(TravelTicket.java:40)
at Pages.TravelTicket.chooseTravelMode(TravelTicket.java:40)
at Pages.TravelTicket.chooseTravelMode(TravelTicket.java:40)
at Pages.TravelTicket.chooseTravelMode(TravelTicket.java:40)
at Pages.TravelTicket.chooseTravelMode(TravelTicket.java:40)
at Pages.TravelTicket.chooseTravelMode(TravelTicket.java:40)
at Pages.TravelTicket.chooseTravelMode(TravelTicket.java:40)
at Pages.TravelTicket.chooseTravelMode(TravelTicket.java:40)
at Pages.TravelTicket.chooseTravelMode(TravelTicket.java:40)
at Pages.TravelTicket.chooseTravelMode(TravelTicket.java:40)
at Pages.TravelTicket.chooseTravelMode(TravelTicket.java:40)
at Pages.TravelTicket.chooseTravelMode(TravelTicket.java:40)
at Pages.TravelTicket.chooseTravelMode(TravelTicket.java:40)
at Pages.TravelTicket.chooseTravelMode(TravelTicket.java:40)
at Pages.TravelTicket.chooseTravelMode(TravelTicket.java:40)
at Pages.TravelTicket.chooseTravelMode(TravelTicket.java:40)
at Pages.TravelTicket.chooseTravelMode(TravelTicket.java:40)
at Pages.TravelTicket.chooseTravelMode(TravelTicket.java:40)
at Pages.TravelTicket.chooseTravelMode(TravelTicket.java:40)
at Pages.TravelTicket.chooseTravelMode(TravelTicket.java:40)
at Pages.TravelTicket.chooseTravelMode(TravelTicket.java:40)
at Pages.TravelTicket.chooseTravelMode(TravelTicket.java:40)
at Pages.TravelTicket.chooseTravelMode(TravelTicket.java:40)
at Pages.TravelTicket.chooseTravelMode(TravelTicket.java:40)
at Pages.TravelTicket.chooseTravelMode(TravelTicket.java:40)
at Pages.TravelTicket.chooseTravelMode(TravelTicket.java:40)
at Pages.TravelTicket.chooseTravelMode(TravelTicket.java:40)
at Pages.TravelTicket.chooseTravelMode(TravelTicket.java:40)
at Pages.TravelTicket.chooseTravelMode(TravelTicket.java:40)
at Pages.TravelTicket.chooseTravelMode(TravelTicket.java:40)
at Pages.TravelTicket.chooseTravelMode(TravelTicket.java:40)
at Pages.TravelTicket.chooseTravelMode(TravelTicket.java:40)
at Pages.TravelTicket.chooseTravelMode(TravelTicket.java:40)
at Pages.TravelTicket.chooseTravelMode(TravelTicket.java:40)
at Pages.TravelTicket.chooseTravelMode(TravelTicket.java:40)
at Pages.TravelTicket.chooseTravelMode(TravelTicket.java:40)
at Pages.TravelTicket.chooseTravelMode(TravelTicket.java:40)
at Pages.TravelTicket.chooseTravelMode(TravelTicket.java:40)
at Pages.TravelTicket.chooseTravelMode(TravelTicket.java:40)
at Pages.TravelTicket.chooseTravelMode(TravelTicket.java:40)
at Pages.TravelTicket.chooseTravelMode(TravelTicket.java:40)
at Pages.TravelTicket.chooseTravelMode(TravelTicket.java:40)
at Pages.TravelTicket.chooseTravelMode(TravelTicket.java:40)
at Pages.TravelTicket.chooseTravelMode(TravelTicket.java:40)
at Pages.TravelTicket.chooseTravelMode(TravelTicket.java:40)
at Pages.TravelTicket.chooseTravelMode(TravelTicket.java:40)
at Pages.TravelTicket.chooseTravelMode(TravelTicket.java:40)
at Pages.TravelTicket.chooseTravelMode(TravelTicket.java:40)
at Pages.TravelTicket.chooseTravelMode(TravelTicket.java:40)
at Pages.TravelTicket.chooseTravelMode(TravelTicket.java:40)
at Pages.TravelTicket.chooseTravelMode(TravelTicket.java:40)
at Pages.TravelTicket.chooseTravelMode(TravelTicket.java:40)
at Pages.TravelTicket.chooseTravelMode(TravelTicket.java:40)
at Pages.TravelTicket.chooseTravelMode(TravelTicket.java:40)
at Pages.TravelTicket.chooseTravelMode(TravelTicket.java:40)
at Pages.TravelTicket.chooseTravelMode(TravelTicket.java:40)
at Pages.TravelTicket.chooseTravelMode(TravelTicket.java:40)
at Pages.TravelTicket.chooseTravelMode(TravelTicket.java:40)
at Pages.TravelTicket.chooseTravelMode(TravelTicket.java:40)
at Pages.TravelTicket.chooseTravelMode(TravelTicket.java:40)
at Pages.TravelTicket.chooseTravelMode(TravelTicket.java:40)
at Pages.TravelTicket.chooseTravelMode(TravelTicket.java:40)
at Pages.TravelTicket.chooseTravelMode(TravelTicket.java:40)
at Pages.TravelTicket.chooseTravelMode(TravelTicket.java:40)
at Pages.TravelTicket.chooseTravelMode(TravelTicket.java:40)
at Pages.TravelTicket.chooseTravelMode(TravelTicket.java:40)
at Pages.TravelTicket.chooseTravelMode(TravelTicket.java:40)
at Pages.TravelTicket.chooseTravelMode(TravelTicket.java:40)
at Pages.TravelTicket.chooseTravelMode(TravelTicket.java:40)
at Pages.TravelTicket.chooseTravelMode(TravelTicket.java:40)
at Pages.TravelTicket.chooseTravelMode(TravelTicket.java:40)
at Pages.TravelTicket.chooseTravelMode(TravelTicket.java:40)
at Pages.TravelTicket.chooseTravelMode(TravelTicket.java:40)
at Pages.TravelTicket.chooseTravelMode(TravelTicket.java:40)
at Pages.TravelTicket.chooseTravelMode(TravelTicket.java:40)
at Pages.TravelTicket.chooseTravelMode(TravelTicket.java:40)
at Pages.TravelTicket.chooseTravelMode(TravelTicket.java:40)
at Pages.TravelTicket.chooseTravelMode(TravelTicket.java:40)
at Pages.TravelTicket.chooseTravelMode(TravelTicket.java:40)
at Pages.TravelTicket.chooseTravelMode(TravelTicket.java:40)
at Pages.TravelTicket.chooseTravelMode(TravelTicket.java:40)
at Pages.TravelTicket.chooseTravelMode(TravelTicket.java:40)
at Pages.TravelTicket.chooseTravelMode(TravelTicket.java:40)
at Pages.TravelTicket.chooseTravelMode(TravelTicket.java:40)
at Pages.TravelTicket.chooseTravelMode(TravelTicket.java:40)
at Pages.TravelTicket.chooseTravelMode(TravelTicket.java:40)
at Pages.TravelTicket.chooseTravelMode(TravelTicket.java:40)
at Pages.TravelTicket.chooseTravelMode(TravelTicket.java:40)
at Pages.TravelTicket.chooseTravelMode(TravelTicket.java:40)
at Pages.TravelTicket.chooseTravelMode(TravelTicket.java:40)
at Pages.TravelTicket.chooseTravelMode(TravelTicket.java:40)
at Pages.TravelTicket.chooseTravelMode(TravelTicket.java:40)
at Pages.TravelTicket.chooseTravelMode(TravelTicket.java:40)
at Pages.TravelTicket.chooseTravelMode(TravelTicket.java:40)
at Pages.TravelTicket.chooseTravelMode(TravelTicket.java:40)
at Pages.TravelTicket.chooseTravelMode(TravelTicket.java:40)
at Pages.TravelTicket.chooseTravelMode(TravelTicket.java:40)
at Pages.TravelTicket.chooseTravelMode(TravelTicket.java:40)
at Pages.TravelTicket.chooseTravelMode(TravelTicket.java:40)
at Pages.TravelTicket.chooseTravelMode(TravelTicket.java:40)
at Pages.TravelTicket.chooseTravelMode(TravelTicket.java:40)
at Pages.TravelTicket.chooseTravelMode(TravelTicket.java:40)
at Pages.TravelTicket.chooseTravelMode(TravelTicket.java:40)
at Pages.TravelTicket.chooseTravelMode(TravelTicket.java:40)
at Pages.TravelTicket.chooseTravelMode(TravelTicket.java:40)
at Pages.TravelTicket.chooseTravelMode(TravelTicket.java:40)
at Pages.TravelTicket.chooseTravelMode(TravelTicket.java:40)
at Pages.TravelTicket.chooseTravelMode(TravelTicket.java:40)
at Pages.TravelTicket.chooseTravelMode(TravelTicket.java:40)
at Pages.TravelTicket.chooseTravelMode(TravelTicket.java:40)
at Pages.TravelTicket.chooseTravelMode(TravelTicket.java:40)
at Pages.TravelTicket.chooseTravelMode(TravelTicket.java:40)
at Pages.TravelTicket.chooseTravelMode(TravelTicket.java:40)
at Pages.TravelTicket.chooseTravelMode(TravelTicket.java:40)
at Pages.TravelTicket.chooseTravelMode(TravelTicket.java:40)
at Pages.TravelTicket.chooseTravelMode(TravelTicket.java:40)
at Pages.TravelTicket.chooseTravelMode(TravelTicket.java:40)
at Pages.TravelTicket.chooseTravelMode(TravelTicket.java:40)
at Pages.TravelTicket.chooseTravelMode(TravelTicket.java:40)
at Pages.TravelTicket.chooseTravelMode(TravelTicket.java:40)
at Pages.TravelTicket.chooseTravelMode(TravelTicket.java:40)
at Pages.TravelTicket.chooseTravelMode(TravelTicket.java:40)
at Pages.TravelTicket.chooseTravelMode(TravelTicket.java:40)
at Pages.TravelTicket.chooseTravelMode(TravelTicket.java:40)
at Pages.TravelTicket.chooseTravelMode(TravelTicket.java:40)
at Pages.TravelTicket.chooseTravelMode(TravelTicket.java:40)
at Pages.TravelTicket.chooseTravelMode(TravelTicket.java:40)
at Pages.TravelTicket.chooseTravelMode(TravelTicket.java:40)
at Pages.TravelTicket.chooseTravelMode(TravelTicket.java:40)
at Pages.TravelTicket.chooseTravelMode(TravelTicket.java:40)
at Pages.TravelTicket.chooseTravelMode(TravelTicket.java:40)
at Pages.TravelTicket.chooseTravelMode(TravelTicket.java:40)
at Pages.TravelTicket.chooseTravelMode(TravelTicket.java:40)
at Pages.TravelTicket.chooseTravelMode(TravelTicket.java:40)
at Pages.TravelTicket.chooseTravelMode(TravelTicket.java:40)
at Pages.TravelTicket.chooseTravelMode(TravelTicket.java:40)
at Pages.TravelTicket.chooseTravelMode(TravelTicket.java:40)
at Pages.TravelTicket.chooseTravelMode(TravelTicket.java:40)
at Pages.TravelTicket.chooseTravelMode(TravelTicket.java:40)
at Pages.TravelTicket.chooseTravelMode(TravelTicket.java:40)
at Pages.TravelTicket.chooseTravelMode(TravelTicket.java:40)
at Pages.TravelTicket.chooseTravelMode(TravelTicket.java:40)
at Pages.TravelTicket.chooseTravelMode(TravelTicket.java:40)
at Pages.TravelTicket.chooseTravelMode(TravelTicket.java:40)
at Pages.TravelTicket.chooseTravelMode(TravelTicket.java:40)
at Pages.TravelTicket.chooseTravelMode(TravelTicket.java:40)
at Pages.TravelTicket.chooseTravelMode(TravelTicket.java:40)
at Pages.TravelTicket.chooseTravelMode(TravelTicket.java:40)
at Pages.TravelTicket.chooseTravelMode(TravelTicket.java:40)
at Pages.TravelTicket.chooseTravelMode(TravelTicket.java:40)
at Pages.TravelTicket.chooseTravelMode(TravelTicket.java:40)
at Pages.TravelTicket.chooseTravelMode(TravelTicket.java:40)
at Pages.TravelTicket.chooseTravelMode(TravelTicket.java:40)
at Pages.TravelTicket.chooseTravelMode(TravelTicket.java:40)
at Pages.TravelTicket.chooseTravelMode(TravelTicket.java:40)
at Pages.TravelTicket.chooseTravelMode(TravelTicket.java:40)
at Pages.TravelTicket.chooseTravelMode(TravelTicket.java:40)
at Pages.TravelTicket.chooseTravelMode(TravelTicket.java:40)
at Pages.TravelTicket.chooseTravelMode(TravelTicket.java:40)
at Pages.TravelTicket.chooseTravelMode(TravelTicket.java:40)
at Pages.TravelTicket.chooseTravelMode(TravelTicket.java:40)
at Pages.TravelTicket.chooseTravelMode(TravelTicket.java:40)
at Pages.TravelTicket.chooseTravelMode(TravelTicket.java:40)
at Pages.TravelTicket.chooseTravelMode(TravelTicket.java:40)
at Pages.TravelTicket.chooseTravelMode(TravelTicket.java:40)
at Pages.TravelTicket.chooseTravelMode(TravelTicket.java:40)
at Pages.TravelTicket.chooseTravelMode(TravelTicket.java:40)
at Pages.TravelTicket.chooseTravelMode(TravelTicket.java:40)
at Pages.TravelTicket.chooseTravelMode(TravelTicket.java:40)
at Pages.TravelTicket.chooseTravelMode(TravelTicket.java:40)
at Pages.TravelTicket.chooseTravelMode(TravelTicket.java:40)
at Pages.TravelTicket.chooseTravelMode(TravelTicket.java:40)
at Pages.TravelTicket.chooseTravelMode(TravelTicket.java:40)
at Pages.TravelTicket.chooseTravelMode(TravelTicket.java:40)
at Pages.TravelTicket.chooseTravelMode(TravelTicket.java:40)
at Pages.TravelTicket.chooseTravelMode(TravelTicket.java:40)
at Pages.TravelTicket.chooseTravelMode(TravelTicket.java:40)
at Pages.TravelTicket.chooseTravelMode(TravelTicket.java:40)
at Pages.TravelTicket.chooseTravelMode(TravelTicket.java:40)
at Pages.TravelTicket.chooseTravelMode(TravelTicket.java:40)
at Pages.TravelTicket.chooseTravelMode(TravelTicket.java:40)
at Pages.TravelTicket.chooseTravelMode(TravelTicket.java:40)
at Pages.TravelTicket.chooseTravelMode(TravelTicket.java:40)
at Pages.TravelTicket.chooseTravelMode(TravelTicket.java:40)
at Pages.TravelTicket.chooseTravelMode(TravelTicket.java:40)
at Pages.TravelTicket.chooseTravelMode(TravelTicket.java:40)
at Pages.TravelTicket.chooseTravelMode(TravelTicket.java:40)
at Pages.TravelTicket.chooseTravelMode(TravelTicket.java:40)
at Pages.TravelTicket.chooseTravelMode(TravelTicket.java:40)
at Pages.TravelTicket.chooseTravelMode(TravelTicket.java:40)
at Pages.TravelTicket.chooseTravelMode(TravelTicket.java:40)
at Pages.TravelTicket.chooseTravelMode(TravelTicket.java:40)
at Pages.TravelTicket.chooseTravelMode(TravelTicket.java:40)
at Pages.TravelTicket.chooseTravelMode(TravelTicket.java:40)
at Pages.TravelTicket.chooseTravelMode(TravelTicket.java:40)
at Pages.TravelTicket.chooseTravelMode(TravelTicket.java:40)
at Pages.TravelTicket.chooseTravelMode(TravelTicket.java:40)
at Pages.TravelTicket.chooseTravelMode(TravelTicket.java:40)
at Pages.TravelTicket.chooseTravelMode(TravelTicket.java:40)
at Pages.TravelTicket.chooseTravelMode(TravelTicket.java:40)
at Pages.TravelTicket.chooseTravelMode(TravelTicket.java:40)
at Pages.TravelTicket.chooseTravelMode(TravelTicket.java:40)
at Pages.TravelTicket.chooseTravelMode(TravelTicket.java:40)
at Pages.TravelTicket.chooseTravelMode(TravelTicket.java:40)
at Pages.TravelTicket.chooseTravelMode(TravelTicket.java:40)
at Pages.TravelTicket.chooseTravelMode(TravelTicket.java:40)
at Pages.TravelTicket.chooseTravelMode(TravelTicket.java:40)
at Pages.TravelTicket.chooseTravelMode(TravelTicket.java:40)
at Pages.TravelTicket.chooseTravelMode(TravelTicket.java:40)
at Pages.TravelTicket.chooseTravelMode(TravelTicket.java:40)
at Pages.TravelTicket.chooseTravelMode(TravelTicket.java:40)
at Pages.TravelTicket.chooseTravelMode(TravelTicket.java:40)
at Pages.TravelTicket.chooseTravelMode(TravelTicket.java:40)
at Pages.TravelTicket.chooseTravelMode(TravelTicket.java:40)
at Pages.TravelTicket.chooseTravelMode(TravelTicket.java:40)
at Pages.TravelTicket.chooseTravelMode(TravelTicket.java:40)
at Pages.TravelTicket.chooseTravelMode(TravelTicket.java:40)
at Pages.TravelTicket.chooseTravelMode(TravelTicket.java:40)
at Pages.TravelTicket.chooseTravelMode(TravelTicket.java:40)
at Pages.TravelTicket.chooseTravelMode(TravelTicket.java:40)
at Pages.TravelTicket.chooseTravelMode(TravelTicket.java:40)
at Pages.TravelTicket.chooseTravelMode(TravelTicket.java:40)
at Pages.TravelTicket.chooseTravelMode(TravelTicket.java:40)
at Pages.TravelTicket.chooseTravelMode(TravelTicket.java:40)
at Pages.TravelTicket.chooseTravelMode(TravelTicket.java:40)
at Pages.TravelTicket.chooseTravelMode(TravelTicket.java:40)
at Pages.TravelTicket.chooseTravelMode(TravelTicket.java:40)
at Pages.TravelTicket.chooseTravelMode(TravelTicket.java:40)
at Pages.TravelTicket.chooseTravelMode(TravelTicket.java:40)
at Pages.TravelTicket.chooseTravelMode(TravelTicket.java:40)
at Pages.TravelTicket.chooseTravelMode(TravelTicket.java:40)
at Pages.TravelTicket.chooseTravelMode(TravelTicket.java:40)
at Pages.TravelTicket.chooseTravelMode(TravelTicket.java:40)
at Pages.TravelTicket.chooseTravelMode(TravelTicket.java:40)
at Pages.TravelTicket.chooseTravelMode(TravelTicket.java:40)
at Pages.TravelTicket.chooseTravelMode(TravelTicket.java:40)
at Pages.TravelTicket.chooseTravelMode(TravelTicket.java:40)
at Pages.TravelTicket.chooseTravelMode(TravelTicket.java:40)
at Pages.TravelTicket.chooseTravelMode(TravelTicket.java:40)
at Pages.TravelTicket.chooseTravelMode(TravelTicket.java:40)
at Pages.TravelTicket.chooseTravelMode(TravelTicket.java:40)
at Pages.TravelTicket.chooseTravelMode(TravelTicket.java:40)
at Pages.TravelTicket.chooseTravelMode(TravelTicket.java:40)
at Pages.TravelTicket.chooseTravelMode(TravelTicket.java:40)
at Pages.TravelTicket.chooseTravelMode(TravelTicket.java:40)
at Pages.TravelTicket.chooseTravelMode(TravelTicket.java:40)
at Pages.TravelTicket.chooseTravelMode(TravelTicket.java:40)
at Pages.TravelTicket.chooseTravelMode(TravelTicket.java:40)
at Pages.TravelTicket.chooseTravelMode(TravelTicket.java:40)
at Pages.TravelTicket.chooseTravelMode(TravelTicket.java:40)
at Pages.TravelTicket.chooseTravelMode(TravelTicket.java:40)
at Pages.TravelTicket.chooseTravelMode(TravelTicket.java:40)
at Pages.TravelTicket.chooseTravelMode(TravelTicket.java:40)
at Pages.TravelTicket.chooseTravelMode(TravelTicket.java:40)
at Pages.TravelTicket.chooseTravelMode(TravelTicket.java:40)
at Pages.TravelTicket.chooseTravelMode(TravelTicket.java:40)
at Pages.TravelTicket.chooseTravelMode(TravelTicket.java:40)
at Pages.TravelTicket.chooseTravelMode(TravelTicket.java:40)
at Pages.TravelTicket.chooseTravelMode(TravelTicket.java:40)
at Pages.TravelTicket.chooseTravelMode(TravelTicket.java:40)
at Pages.TravelTicket.chooseTravelMode(TravelTicket.java:40)
at Pages.TravelTicket.chooseTravelMode(TravelTicket.java:40)
at Pages.TravelTicket.chooseTravelMode(TravelTicket.java:40)
at Pages.TravelTicket.chooseTravelMode(TravelTicket.java:40)
at Pages.TravelTicket.chooseTravelMode(TravelTicket.java:40)
at Pages.TravelTicket.chooseTravelMode(TravelTicket.java:40)
at Pages.TravelTicket.chooseTravelMode(TravelTicket.java:40)
at Pages.TravelTicket.chooseTravelMode(TravelTicket.java:40)
]]>
    </failure>
  </testcase> <!-- verifyDateInNextPageTest -->
</testsuite> <!-- Test -->
